# JRE version: OpenJDK Runtime Environment Temurin-17.0.7+7 (17.0.7+7) (build 17.0.7+7)
# Java VM: OpenJDK 64-Bit Server VM Temurin-17.0.7+7 (17.0.7+7, mixed mode, tiered, compressed oops, compressed class ptrs, g1 gc, linux-amd64)
GC Precious Log:
 CPUs: 8 total, 8 available
 Memory: 7615M
 Large Page Support: Disabled
 NUMA Support: Disabled
 Compressed Oops: Enabled (32-bit)
 Heap Region Size: 1M
 Heap Min Capacity: 8M
 Heap Initial Capacity: 120M
 Heap Max Capacity: 1904M
 Pre-touch: Disabled
 Parallel Workers: 8
 Concurrent Workers: 2
 Concurrent Refinement Workers: 8
 Periodic GC: Disabled
Heap:
 garbage-first heap   total 516096K, used 297984K [0x0000000089000000, 0x0000000100000000)
  region size 1024K, 37 young (37888K), 18 survivors (18432K)
 Metaspace       used 19301K, committed 19456K, reserved 1114112K
  class space    used 2126K, committed 2176K, reserved 1048576K
GC Heap History (20 events):
Event: 5,095 GC heap before
{Heap before GC invocations=8 (full 0):
 garbage-first heap   total 260096K, used 160387K [0x0000000089000000, 0x0000000100000000)
  region size 1024K, 83 young (84992K), 2 survivors (2048K)
 Metaspace       used 18504K, committed 18624K, reserved 1114112K
  class space    used 2060K, committed 2112K, reserved 1048576K
}
Event: 5,110 GC heap after
{Heap after GC invocations=9 (full 0):
 garbage-first heap   total 260096K, used 82757K [0x0000000089000000, 0x0000000100000000)
  region size 1024K, 7 young (7168K), 7 survivors (7168K)
 Metaspace       used 18504K, committed 18624K, reserved 1114112K
  class space    used 2060K, committed 2112K, reserved 1048576K
}
Event: 5,413 GC heap before
{Heap before GC invocations=10 (full 0):
 garbage-first heap   total 260096K, used 140101K [0x0000000089000000, 0x0000000100000000)
  region size 1024K, 63 young (64512K), 7 survivors (7168K)
 Metaspace       used 18507K, committed 18624K, reserved 1114112K
  class space    used 2060K, committed 2112K, reserved 1048576K
}
Event: 5,433 GC heap after
{Heap after GC invocations=11 (full 0):
 garbage-first heap   total 260096K, used 87287K [0x0000000089000000, 0x0000000100000000)
  region size 1024K, 5 young (5120K), 5 survivors (5120K)
 Metaspace       used 18507K, committed 18624K, reserved 1114112K
  class space    used 2060K, committed 2112K, reserved 1048576K
}
Event: 6,756 GC heap before
{Heap before GC invocations=11 (full 0):
 garbage-first heap   total 260096K, used 188663K [0x0000000089000000, 0x0000000100000000)
  region size 1024K, 104 young (106496K), 5 survivors (5120K)
 Metaspace       used 18539K, committed 18624K, reserved 1114112K
  class space    used 2060K, committed 2112K, reserved 1048576K
}
Event: 6,794 GC heap after
{Heap after GC invocations=12 (full 0):
 garbage-first heap   total 260096K, used 118732K [0x0000000089000000, 0x0000000100000000)
  region size 1024K, 13 young (13312K), 13 survivors (13312K)
 Metaspace       used 18539K, committed 18624K, reserved 1114112K
  class space    used 2060K, committed 2112K, reserved 1048576K
}
Event: 7,937 GC heap before
{Heap before GC invocations=12 (full 0):
 garbage-first heap   total 260096K, used 185292K [0x0000000089000000, 0x0000000100000000)
  region size 1024K, 78 young (79872K), 13 survivors (13312K)
 Metaspace       used 18539K, committed 18624K, reserved 1114112K
  class space    used 2060K, committed 2112K, reserved 1048576K
}
Event: 7,972 GC heap after
{Heap after GC invocations=13 (full 0):
 garbage-first heap   total 260096K, used 150528K [0x0000000089000000, 0x0000000100000000)
  region size 1024K, 10 young (10240K), 10 survivors (10240K)
 Metaspace       used 18539K, committed 18624K, reserved 1114112K
  class space    used 2060K, committed 2112K, reserved 1048576K
}
Event: 8,716 GC heap before
{Heap before GC invocations=13 (full 0):
 garbage-first heap   total 260096K, used 192512K [0x0000000089000000, 0x0000000100000000)
  region size 1024K, 51 young (52224K), 10 survivors (10240K)
 Metaspace       used 18542K, committed 18624K, reserved 1114112K
  class space    used 2060K, committed 2112K, reserved 1048576K
}
Event: 8,741 GC heap after
{Heap after GC invocations=14 (full 0):
 garbage-first heap   total 516096K, used 167424K [0x0000000089000000, 0x0000000100000000)
  region size 1024K, 7 young (7168K), 7 survivors (7168K)
 Metaspace       used 18542K, committed 18624K, reserved 1114112K
  class space    used 2060K, committed 2112K, reserved 1048576K
}
Event: 9,182 GC heap before
{Heap before GC invocations=15 (full 0):
 garbage-first heap   total 516096K, used 305664K [0x0000000089000000, 0x0000000100000000)
  region size 1024K, 142 young (145408K), 7 survivors (7168K)
 Metaspace       used 18542K, committed 18624K, reserved 1114112K
  class space    used 2060K, committed 2112K, reserved 1048576K
}
Event: 9,192 GC heap after
{Heap after GC invocations=16 (full 0):
 garbage-first heap   total 516096K, used 168422K [0x0000000089000000, 0x0000000100000000)
  region size 1024K, 8 young (8192K), 8 survivors (8192K)
 Metaspace       used 18542K, committed 18624K, reserved 1114112K
  class space    used 2060K, committed 2112K, reserved 1048576K
}
Event: 9,277 GC heap before
{Heap before GC invocations=16 (full 0):
 garbage-first heap   total 516096K, used 185830K [0x0000000089000000, 0x0000000100000000)
  region size 1024K, 25 young (25600K), 8 survivors (8192K)
 Metaspace       used 18572K, committed 18688K, reserved 1114112K
  class space    used 2063K, committed 2112K, reserved 1048576K
}
Event: 9,289 GC heap after
{Heap after GC invocations=17 (full 0):
 garbage-first heap   total 516096K, used 171902K [0x0000000089000000, 0x0000000100000000)
  region size 1024K, 4 young (4096K), 4 survivors (4096K)
 Metaspace       used 18572K, committed 18688K, reserved 1114112K
  class space    used 2063K, committed 2112K, reserved 1048576K
}
Event: 11,057 GC heap before
{Heap before GC invocations=17 (full 0):
 garbage-first heap   total 516096K, used 386942K [0x0000000089000000, 0x0000000100000000)
  region size 1024K, 214 young (219136K), 4 survivors (4096K)
 Metaspace       used 18693K, committed 18880K, reserved 1114112K
  class space    used 2072K, committed 2176K, reserved 1048576K
}
Event: 11,065 GC heap after
{Heap after GC invocations=18 (full 0):
 garbage-first heap   total 516096K, used 176121K [0x0000000089000000, 0x0000000100000000)
  region size 1024K, 9 young (9216K), 9 survivors (9216K)
 Metaspace       used 18693K, committed 18880K, reserved 1114112K
  class space    used 2072K, committed 2176K, reserved 1048576K
}
Event: 12,473 GC heap before
{Heap before GC invocations=18 (full 0):
 garbage-first heap   total 516096K, used 409593K [0x0000000089000000, 0x0000000100000000)
  region size 1024K, 224 young (229376K), 9 survivors (9216K)
 Metaspace       used 19301K, committed 19456K, reserved 1114112K
  class space    used 2126K, committed 2176K, reserved 1048576K
}
Event: 12,530 GC heap after
{Heap after GC invocations=19 (full 0):
 garbage-first heap   total 516096K, used 260414K [0x0000000089000000, 0x0000000100000000)
  region size 1024K, 28 young (28672K), 28 survivors (28672K)
 Metaspace       used 19301K, committed 19456K, reserved 1114112K
  class space    used 2126K, committed 2176K, reserved 1048576K
}
Event: 13,095 GC heap before
{Heap before GC invocations=19 (full 0):
 garbage-first heap   total 516096K, used 379198K [0x0000000089000000, 0x0000000100000000)
  region size 1024K, 144 young (147456K), 28 survivors (28672K)
 Metaspace       used 19301K, committed 19456K, reserved 1114112K
  class space    used 2126K, committed 2176K, reserved 1048576K
}
Event: 13,132 GC heap after
{Heap after GC invocations=20 (full 0):
 garbage-first heap   total 516096K, used 279552K [0x0000000089000000, 0x0000000100000000)
  region size 1024K, 18 young (18432K), 18 survivors (18432K)
 Metaspace       used 19301K, committed 19456K, reserved 1114112K
  class space    used 2126K, committed 2176K, reserved 1048576K
}

